<?xml version="1.0" encoding="UTF-8"?>
<testsuites name="TestVisual2" time="56.768" tests="6" failures="0" errors="0">
   <testsuite name="TestVisual2" tests="6" failures="0" errors="0" time="56.768" skipped="0" timestamp="2022-12-22 11:35:43" hostname="WeDoQA-ThinkPad-Man7 - Daniels-Thinkpad" id="Test Suites/TestVisual2">
      <properties>
         <property name="deviceName" value=""/>
         <property name="devicePlatform" value=""/>
         <property name="logFolder" value="C:\\Users\\WeDoQA-ThinkPad-Man7\\git\\TestVisual\\Reports\\20221222_113455\\TestVisual2\\20221222_113458"/>
         <property name="logFiles" value="C:\\Users\\WeDoQA-ThinkPad-Man7\\git\\TestVisual\\Reports\\20221222_113455\\TestVisual2\\20221222_113458\\execution0.log"/>
         <property name="attachments" value="keyes\keyes-Test10.png, keyes\keyes-Test5.png, keyes\keyes-Test6.png, keyes\keyes-Test7.png, keyes\keyes-Test9.png, keyes\keyes-Test8.png"/>
         <property name="hostName" value="WeDoQA-ThinkPad-Man7 - Daniels-Thinkpad"/>
         <property name="os" value="Windows 10 64bit"/>
         <property name="katalonVersion" value="8.5.1.208"/>
         <property name="browser" value="Chrome 108.0.0.0"/>
         <property name="hostAddress" value="192.168.0.111"/>
         <property name="sessionId" value="57f779ee3e912447771951666870c5b3"/>
         <property name="seleniumVersion" value="3.141.59"/>
         <property name="proxyInformation" value="ProxyInformation { proxyOption=NO_PROXY, proxyServerType=HTTP, username=, password=********, proxyServerAddress=, proxyServerPort=0, executionList=&quot;&quot;, isApplyToDesiredCapabilities=true }"/>
         <property name="platform" value="Windows 10"/>
      </properties>
      <testcase name="Test Cases/Test10" time="10.569" classname="Test Cases/Test10" status="PASSED">
         <system-out><![CDATA[2022-12-22 11:35:43 - [TEST_CASE][PASSED] - Test Cases/Test10: Test Cases/Test10

2022-12-22 11:35:43 - [TEST_STEP][PASSED] - openBrowser(""): Browser is opened with url: ''

2022-12-22 11:35:43 - [MESSAGE][INFO] - Starting 'Chrome' driver

2022-12-22 11:35:43 - [MESSAGE][INFO] - Action delay is set to 0 milliseconds

2022-12-22 11:35:45 - [MESSAGE][PASSED] - Browser is opened with url: ''

2022-12-22 11:35:45 - [TEST_STEP][PASSED] - navigateToUrl("https://opensource-demo.orangehrmlive.com/web/index.php/auth/login"): Navigate to 'https://opensource-demo.orangehrmlive.com/web/index.php/auth/login' successfully

2022-12-22 11:35:46 - [MESSAGE][PASSED] - Navigate to 'https://opensource-demo.orangehrmlive.com/web/index.php/auth/login' successfully

2022-12-22 11:35:46 - [TEST_STEP][PASSED] - setText(findTestObject("Object Repository/Page_OrangeHRM/input_Username_username"), "Admin"): Text 'Admin' is set on object 'Object Repository/Page_OrangeHRM/input_Username_username'

2022-12-22 11:35:47 - [MESSAGE][PASSED] - Text 'Admin' is set on object 'Object Repository/Page_OrangeHRM/input_Username_username'

2022-12-22 11:35:47 - [TEST_STEP][PASSED] - setEncryptedText(findTestObject("Object Repository/Page_OrangeHRM/input_Password_password"), "hUKwJTbofgPU9eVlw/CnDQ=="): Text ****** has been set on object 'Object Repository/Page_OrangeHRM/input_Password_password'

2022-12-22 11:35:48 - [MESSAGE][PASSED] - Text ****** has been set on object 'Object Repository/Page_OrangeHRM/input_Password_password'

2022-12-22 11:35:48 - [TEST_STEP][PASSED] - sendKeys(findTestObject("Object Repository/Page_OrangeHRM/input_Password_password"), Keys.chord(ENTER)): Keys 'ENTER + ' sent to object: 'Object Repository/Page_OrangeHRM/input_Password_password'

2022-12-22 11:35:48 - [MESSAGE][PASSED] - Keys 'ENTER + ' sent to object: 'Object Repository/Page_OrangeHRM/input_Password_password'

2022-12-22 11:35:48 - [TEST_STEP][PASSED] - click(findTestObject("Object Repository/Page_OrangeHRM/i_Dashboard_oxd-icon bi-caret-down-fill oxd_d2fd49")): Object: 'Object Repository/Page_OrangeHRM/i_Dashboard_oxd-icon bi-caret-down-fill oxd_d2fd49' is clicked on

2022-12-22 11:35:51 - [MESSAGE][PASSED] - Object: 'Object Repository/Page_OrangeHRM/i_Dashboard_oxd-icon bi-caret-down-fill oxd_d2fd49' is clicked on

2022-12-22 11:35:51 - [TEST_STEP][PASSED] - click(findTestObject("Object Repository/Page_OrangeHRM/a_Logout")): Object: 'Object Repository/Page_OrangeHRM/a_Logout' is clicked on

2022-12-22 11:35:52 - [MESSAGE][PASSED] - Object: 'Object Repository/Page_OrangeHRM/a_Logout' is clicked on

2022-12-22 11:35:52 - [TEST_STEP][PASSED] - takeScreenshotAsCheckpoint("Test10"): Taking screenshot successfully

2022-12-22 11:35:53 - [MESSAGE][INFO] - 0 hidden object(s)

2022-12-22 11:35:53 - [MESSAGE][PASSED] - Taking screenshot successfully
[[ATTACHMENT|keyes\keyes-Test10.png]]

2022-12-22 11:35:53 - [TEST_STEP][PASSED] - closeBrowser(): Browser is closed

2022-12-22 11:35:53 - [MESSAGE][PASSED] - Browser is closed]]></system-out>
         <system-err><![CDATA[]]></system-err>
      </testcase>
      <testcase name="Test Cases/Test5" time="8.089" classname="Test Cases/Test5" status="PASSED">
         <system-out><![CDATA[2022-12-22 11:35:53 - [TEST_CASE][PASSED] - Test Cases/Test5: Test Cases/Test5

2022-12-22 11:35:54 - [TEST_STEP][PASSED] - openBrowser(""): Browser is opened with url: ''

2022-12-22 11:35:54 - [MESSAGE][INFO] - Starting 'Chrome' driver

2022-12-22 11:35:54 - [MESSAGE][INFO] - Action delay is set to 0 milliseconds

2022-12-22 11:35:55 - [MESSAGE][PASSED] - Browser is opened with url: ''

2022-12-22 11:35:55 - [TEST_STEP][PASSED] - navigateToUrl("https://opensource-demo.orangehrmlive.com/web/index.php/auth/login"): Navigate to 'https://opensource-demo.orangehrmlive.com/web/index.php/auth/login' successfully

2022-12-22 11:35:56 - [MESSAGE][PASSED] - Navigate to 'https://opensource-demo.orangehrmlive.com/web/index.php/auth/login' successfully

2022-12-22 11:35:56 - [TEST_STEP][PASSED] - setText(findTestObject("Object Repository/Page_OrangeHRM/input_Username_username"), "Admin"): Text 'Admin' is set on object 'Object Repository/Page_OrangeHRM/input_Username_username'

2022-12-22 11:35:57 - [MESSAGE][PASSED] - Text 'Admin' is set on object 'Object Repository/Page_OrangeHRM/input_Username_username'

2022-12-22 11:35:57 - [TEST_STEP][PASSED] - setEncryptedText(findTestObject("Object Repository/Page_OrangeHRM/input_Password_password"), "hUKwJTbofgPU9eVlw/CnDQ=="): Text ****** has been set on object 'Object Repository/Page_OrangeHRM/input_Password_password'

2022-12-22 11:35:58 - [MESSAGE][PASSED] - Text ****** has been set on object 'Object Repository/Page_OrangeHRM/input_Password_password'

2022-12-22 11:35:58 - [TEST_STEP][PASSED] - click(findTestObject("Object Repository/Page_OrangeHRM/button_Login")): Object: 'Object Repository/Page_OrangeHRM/button_Login' is clicked on

2022-12-22 11:35:58 - [MESSAGE][PASSED] - Object: 'Object Repository/Page_OrangeHRM/button_Login' is clicked on

2022-12-22 11:35:58 - [TEST_STEP][PASSED] - takeScreenshotAsCheckpoint("Test5"): Taking screenshot successfully

2022-12-22 11:36:01 - [MESSAGE][INFO] - 0 hidden object(s)

2022-12-22 11:36:01 - [MESSAGE][PASSED] - Taking screenshot successfully
[[ATTACHMENT|keyes\keyes-Test5.png]]

2022-12-22 11:36:01 - [TEST_STEP][PASSED] - closeBrowser(): Browser is closed

2022-12-22 11:36:02 - [MESSAGE][PASSED] - Browser is closed]]></system-out>
         <system-err><![CDATA[]]></system-err>
      </testcase>
      <testcase name="Test Cases/Test6" time="8.891" classname="Test Cases/Test6" status="PASSED">
         <system-out><![CDATA[2022-12-22 11:36:02 - [TEST_CASE][PASSED] - Test Cases/Test6: Test Cases/Test6

2022-12-22 11:36:02 - [TEST_STEP][PASSED] - openBrowser(""): Browser is opened with url: ''

2022-12-22 11:36:02 - [MESSAGE][INFO] - Starting 'Chrome' driver

2022-12-22 11:36:02 - [MESSAGE][INFO] - Action delay is set to 0 milliseconds

2022-12-22 11:36:03 - [MESSAGE][PASSED] - Browser is opened with url: ''

2022-12-22 11:36:03 - [TEST_STEP][PASSED] - navigateToUrl("https://opensource-demo.orangehrmlive.com/web/index.php/auth/login"): Navigate to 'https://opensource-demo.orangehrmlive.com/web/index.php/auth/login' successfully

2022-12-22 11:36:04 - [MESSAGE][PASSED] - Navigate to 'https://opensource-demo.orangehrmlive.com/web/index.php/auth/login' successfully

2022-12-22 11:36:04 - [TEST_STEP][PASSED] - setText(findTestObject("Object Repository/Page_OrangeHRM/input_Username_username"), "Admin"): Text 'Admin' is set on object 'Object Repository/Page_OrangeHRM/input_Username_username'

2022-12-22 11:36:05 - [MESSAGE][PASSED] - Text 'Admin' is set on object 'Object Repository/Page_OrangeHRM/input_Username_username'

2022-12-22 11:36:05 - [TEST_STEP][PASSED] - setEncryptedText(findTestObject("Object Repository/Page_OrangeHRM/input_Password_password"), "hUKwJTbofgPU9eVlw/CnDQ=="): Text ****** has been set on object 'Object Repository/Page_OrangeHRM/input_Password_password'

2022-12-22 11:36:06 - [MESSAGE][PASSED] - Text ****** has been set on object 'Object Repository/Page_OrangeHRM/input_Password_password'

2022-12-22 11:36:06 - [TEST_STEP][PASSED] - click(findTestObject("Object Repository/Page_OrangeHRM/button_Login")): Object: 'Object Repository/Page_OrangeHRM/button_Login' is clicked on

2022-12-22 11:36:06 - [MESSAGE][PASSED] - Object: 'Object Repository/Page_OrangeHRM/button_Login' is clicked on

2022-12-22 11:36:06 - [TEST_STEP][PASSED] - click(findTestObject("Object Repository/Page_OrangeHRM/a_Admin")): Object: 'Object Repository/Page_OrangeHRM/a_Admin' is clicked on

2022-12-22 11:36:09 - [MESSAGE][PASSED] - Object: 'Object Repository/Page_OrangeHRM/a_Admin' is clicked on

2022-12-22 11:36:09 - [TEST_STEP][PASSED] - takeScreenshotAsCheckpoint("Test6"): Taking screenshot successfully

2022-12-22 11:36:10 - [MESSAGE][INFO] - 0 hidden object(s)

2022-12-22 11:36:10 - [MESSAGE][PASSED] - Taking screenshot successfully
[[ATTACHMENT|keyes\keyes-Test6.png]]

2022-12-22 11:36:10 - [TEST_STEP][PASSED] - closeBrowser(): Browser is closed

2022-12-22 11:36:10 - [MESSAGE][PASSED] - Browser is closed]]></system-out>
         <system-err><![CDATA[]]></system-err>
      </testcase>
      <testcase name="Test Cases/Test7" time="9.376" classname="Test Cases/Test7" status="PASSED">
         <system-out><![CDATA[2022-12-22 11:36:10 - [TEST_CASE][PASSED] - Test Cases/Test7: Test Cases/Test7

2022-12-22 11:36:11 - [TEST_STEP][PASSED] - openBrowser(""): Browser is opened with url: ''

2022-12-22 11:36:11 - [MESSAGE][INFO] - Starting 'Chrome' driver

2022-12-22 11:36:11 - [MESSAGE][INFO] - Action delay is set to 0 milliseconds

2022-12-22 11:36:12 - [MESSAGE][PASSED] - Browser is opened with url: ''

2022-12-22 11:36:12 - [TEST_STEP][PASSED] - navigateToUrl("https://opensource-demo.orangehrmlive.com/web/index.php/auth/login"): Navigate to 'https://opensource-demo.orangehrmlive.com/web/index.php/auth/login' successfully

2022-12-22 11:36:13 - [MESSAGE][PASSED] - Navigate to 'https://opensource-demo.orangehrmlive.com/web/index.php/auth/login' successfully

2022-12-22 11:36:13 - [TEST_STEP][PASSED] - setText(findTestObject("Object Repository/Page_OrangeHRM/input_Username_username"), "Admin"): Text 'Admin' is set on object 'Object Repository/Page_OrangeHRM/input_Username_username'

2022-12-22 11:36:14 - [MESSAGE][PASSED] - Text 'Admin' is set on object 'Object Repository/Page_OrangeHRM/input_Username_username'

2022-12-22 11:36:14 - [TEST_STEP][PASSED] - setEncryptedText(findTestObject("Object Repository/Page_OrangeHRM/input_Password_password"), "hUKwJTbofgPU9eVlw/CnDQ=="): Text ****** has been set on object 'Object Repository/Page_OrangeHRM/input_Password_password'

2022-12-22 11:36:15 - [MESSAGE][PASSED] - Text ****** has been set on object 'Object Repository/Page_OrangeHRM/input_Password_password'

2022-12-22 11:36:15 - [TEST_STEP][PASSED] - sendKeys(findTestObject("Object Repository/Page_OrangeHRM/input_Password_password"), Keys.chord(ENTER)): Keys 'ENTER + ' sent to object: 'Object Repository/Page_OrangeHRM/input_Password_password'

2022-12-22 11:36:15 - [MESSAGE][PASSED] - Keys 'ENTER + ' sent to object: 'Object Repository/Page_OrangeHRM/input_Password_password'

2022-12-22 11:36:15 - [TEST_STEP][PASSED] - click(findTestObject("Object Repository/Page_OrangeHRM/a_PIM")): Object: 'Object Repository/Page_OrangeHRM/a_PIM' is clicked on

2022-12-22 11:36:18 - [MESSAGE][PASSED] - Object: 'Object Repository/Page_OrangeHRM/a_PIM' is clicked on

2022-12-22 11:36:18 - [TEST_STEP][PASSED] - takeScreenshotAsCheckpoint("Test7"): Taking screenshot successfully

2022-12-22 11:36:19 - [MESSAGE][INFO] - 0 hidden object(s)

2022-12-22 11:36:19 - [MESSAGE][PASSED] - Taking screenshot successfully
[[ATTACHMENT|keyes\keyes-Test7.png]]

2022-12-22 11:36:19 - [TEST_STEP][PASSED] - closeBrowser(): Browser is closed

2022-12-22 11:36:20 - [MESSAGE][PASSED] - Browser is closed]]></system-out>
         <system-err><![CDATA[]]></system-err>
      </testcase>
      <testcase name="Test Cases/Test9" time="9.99" classname="Test Cases/Test9" status="PASSED">
         <system-out><![CDATA[2022-12-22 11:36:20 - [TEST_CASE][PASSED] - Test Cases/Test9: Test Cases/Test9

2022-12-22 11:36:20 - [TEST_STEP][PASSED] - openBrowser(""): Browser is opened with url: ''

2022-12-22 11:36:20 - [MESSAGE][INFO] - Starting 'Chrome' driver

2022-12-22 11:36:20 - [MESSAGE][INFO] - Action delay is set to 0 milliseconds

2022-12-22 11:36:21 - [MESSAGE][PASSED] - Browser is opened with url: ''

2022-12-22 11:36:21 - [TEST_STEP][PASSED] - navigateToUrl("https://opensource-demo.orangehrmlive.com/web/index.php/auth/login"): Navigate to 'https://opensource-demo.orangehrmlive.com/web/index.php/auth/login' successfully

2022-12-22 11:36:22 - [MESSAGE][PASSED] - Navigate to 'https://opensource-demo.orangehrmlive.com/web/index.php/auth/login' successfully

2022-12-22 11:36:22 - [TEST_STEP][PASSED] - setText(findTestObject("Object Repository/Page_OrangeHRM/input_Username_username"), "Admin"): Text 'Admin' is set on object 'Object Repository/Page_OrangeHRM/input_Username_username'

2022-12-22 11:36:23 - [MESSAGE][PASSED] - Text 'Admin' is set on object 'Object Repository/Page_OrangeHRM/input_Username_username'

2022-12-22 11:36:23 - [TEST_STEP][PASSED] - setEncryptedText(findTestObject("Object Repository/Page_OrangeHRM/input_Password_password"), "hUKwJTbofgPU9eVlw/CnDQ=="): Text ****** has been set on object 'Object Repository/Page_OrangeHRM/input_Password_password'

2022-12-22 11:36:24 - [MESSAGE][PASSED] - Text ****** has been set on object 'Object Repository/Page_OrangeHRM/input_Password_password'

2022-12-22 11:36:24 - [TEST_STEP][PASSED] - sendKeys(findTestObject("Object Repository/Page_OrangeHRM/input_Password_password"), Keys.chord(ENTER)): Keys 'ENTER + ' sent to object: 'Object Repository/Page_OrangeHRM/input_Password_password'

2022-12-22 11:36:24 - [MESSAGE][PASSED] - Keys 'ENTER + ' sent to object: 'Object Repository/Page_OrangeHRM/input_Password_password'

2022-12-22 11:36:24 - [TEST_STEP][PASSED] - click(findTestObject("Object Repository/Page_OrangeHRM/a_My Info")): Object: 'Object Repository/Page_OrangeHRM/a_My Info' is clicked on

2022-12-22 11:36:27 - [MESSAGE][PASSED] - Object: 'Object Repository/Page_OrangeHRM/a_My Info' is clicked on

2022-12-22 11:36:27 - [TEST_STEP][PASSED] - takeScreenshotAsCheckpoint("Test9"): Taking screenshot successfully

2022-12-22 11:36:29 - [MESSAGE][INFO] - 0 hidden object(s)

2022-12-22 11:36:29 - [MESSAGE][PASSED] - Taking screenshot successfully
[[ATTACHMENT|keyes\keyes-Test9.png]]

2022-12-22 11:36:29 - [TEST_STEP][PASSED] - closeBrowser(): Browser is closed

2022-12-22 11:36:30 - [MESSAGE][PASSED] - Browser is closed]]></system-out>
         <system-err><![CDATA[]]></system-err>
      </testcase>
      <testcase name="Test Cases/Test8" time="9.635" classname="Test Cases/Test8" status="PASSED">
         <system-out><![CDATA[2022-12-22 11:36:30 - [TEST_CASE][PASSED] - Test Cases/Test8: Test Cases/Test8

2022-12-22 11:36:30 - [TEST_STEP][PASSED] - openBrowser(""): Browser is opened with url: ''

2022-12-22 11:36:30 - [MESSAGE][INFO] - Starting 'Chrome' driver

2022-12-22 11:36:30 - [MESSAGE][INFO] - Action delay is set to 0 milliseconds

2022-12-22 11:36:31 - [MESSAGE][PASSED] - Browser is opened with url: ''

2022-12-22 11:36:31 - [TEST_STEP][PASSED] - navigateToUrl("https://opensource-demo.orangehrmlive.com/web/index.php/auth/login"): Navigate to 'https://opensource-demo.orangehrmlive.com/web/index.php/auth/login' successfully

2022-12-22 11:36:32 - [MESSAGE][PASSED] - Navigate to 'https://opensource-demo.orangehrmlive.com/web/index.php/auth/login' successfully

2022-12-22 11:36:32 - [TEST_STEP][PASSED] - setText(findTestObject("Object Repository/Page_OrangeHRM/input_Username_username"), "Admin"): Text 'Admin' is set on object 'Object Repository/Page_OrangeHRM/input_Username_username'

2022-12-22 11:36:33 - [MESSAGE][PASSED] - Text 'Admin' is set on object 'Object Repository/Page_OrangeHRM/input_Username_username'

2022-12-22 11:36:33 - [TEST_STEP][PASSED] - setEncryptedText(findTestObject("Object Repository/Page_OrangeHRM/input_Password_password"), "hUKwJTbofgPU9eVlw/CnDQ=="): Text ****** has been set on object 'Object Repository/Page_OrangeHRM/input_Password_password'

2022-12-22 11:36:34 - [MESSAGE][PASSED] - Text ****** has been set on object 'Object Repository/Page_OrangeHRM/input_Password_password'

2022-12-22 11:36:34 - [TEST_STEP][PASSED] - sendKeys(findTestObject("Object Repository/Page_OrangeHRM/input_Password_password"), Keys.chord(ENTER)): Keys 'ENTER + ' sent to object: 'Object Repository/Page_OrangeHRM/input_Password_password'

2022-12-22 11:36:34 - [MESSAGE][PASSED] - Keys 'ENTER + ' sent to object: 'Object Repository/Page_OrangeHRM/input_Password_password'

2022-12-22 11:36:34 - [TEST_STEP][PASSED] - click(findTestObject("Object Repository/Page_OrangeHRM/a_Leave")): Object: 'Object Repository/Page_OrangeHRM/a_Leave' is clicked on

2022-12-22 11:36:37 - [MESSAGE][PASSED] - Object: 'Object Repository/Page_OrangeHRM/a_Leave' is clicked on

2022-12-22 11:36:37 - [TEST_STEP][PASSED] - takeScreenshotAsCheckpoint("Test8"): Taking screenshot successfully

2022-12-22 11:36:39 - [MESSAGE][INFO] - 0 hidden object(s)

2022-12-22 11:36:39 - [MESSAGE][PASSED] - Taking screenshot successfully
[[ATTACHMENT|keyes\keyes-Test8.png]]

2022-12-22 11:36:39 - [TEST_STEP][PASSED] - closeBrowser(): Browser is closed

2022-12-22 11:36:39 - [MESSAGE][PASSED] - Browser is closed]]></system-out>
         <system-err><![CDATA[]]></system-err>
      </testcase>
      <system-out><![CDATA[2022-12-22 11:35:43 - [TEST_SUITE][PASSED] - TestVisual2: Test Cases/Test8]]></system-out>
      <system-err><![CDATA[]]></system-err>
   </testsuite>
</testsuites>
