<?xml version="1.0" encoding="UTF-8"?>
<testsuites name="TestVisual1" time="21.222" tests="4" failures="0" errors="0">
   <testsuite name="TestVisual1" tests="4" failures="0" errors="0" time="21.222" skipped="0" timestamp="2022-12-22 11:51:32" hostname="WeDoQA-ThinkPad-Man7 - Daniels-Thinkpad" id="Test Suites/TestVisual1">
      <properties>
         <property name="deviceName" value=""/>
         <property name="devicePlatform" value=""/>
         <property name="logFolder" value="C:\\Users\\WeDoQA-ThinkPad-Man7\\git\\TestVisual\\Reports\\20221222_115124\\TestVisual1\\20221222_115125"/>
         <property name="logFiles" value="C:\\Users\\WeDoQA-ThinkPad-Man7\\git\\TestVisual\\Reports\\20221222_115124\\TestVisual1\\20221222_115125\\execution0.log"/>
         <property name="attachments" value="keyes\keyes-Test1A.png, keyes\keyes-Test2.png, keyes\keyes-Test3.png, keyes\keyes-Test4.png"/>
         <property name="hostName" value="WeDoQA-ThinkPad-Man7 - Daniels-Thinkpad"/>
         <property name="os" value="Windows 10 64bit"/>
         <property name="katalonVersion" value="8.5.1.208"/>
         <property name="browser" value="Chrome 108.0.0.0"/>
         <property name="hostAddress" value="192.168.0.111"/>
         <property name="sessionId" value="aea22646a9ed1da0a5f8f3a1d9a4d86d"/>
         <property name="seleniumVersion" value="3.141.59"/>
         <property name="proxyInformation" value="ProxyInformation { proxyOption=NO_PROXY, proxyServerType=HTTP, username=, password=********, proxyServerAddress=, proxyServerPort=0, executionList=&quot;&quot;, isApplyToDesiredCapabilities=true }"/>
         <property name="platform" value="Windows 10"/>
      </properties>
      <testcase name="Test Cases/Test1" time="5.023" classname="Test Cases/Test1" status="PASSED">
         <system-out><![CDATA[2022-12-22 11:51:32 - [TEST_CASE][PASSED] - Test Cases/Test1: Test Cases/Test1

2022-12-22 11:51:32 - [TEST_STEP][PASSED] - openBrowser(""): Browser is opened with url: ''

2022-12-22 11:51:32 - [MESSAGE][INFO] - Starting 'Chrome' driver

2022-12-22 11:51:32 - [MESSAGE][INFO] - Action delay is set to 0 milliseconds

2022-12-22 11:51:34 - [MESSAGE][PASSED] - Browser is opened with url: ''

2022-12-22 11:51:34 - [TEST_STEP][PASSED] - navigateToUrl("https://opensource-demo.orangehrmlive.com/web/index.php/auth/login"): Navigate to 'https://opensource-demo.orangehrmlive.com/web/index.php/auth/login' successfully

2022-12-22 11:51:35 - [MESSAGE][PASSED] - Navigate to 'https://opensource-demo.orangehrmlive.com/web/index.php/auth/login' successfully

2022-12-22 11:51:35 - [TEST_STEP][PASSED] - takeScreenshotAsCheckpoint("Test1A"): Taking screenshot successfully

2022-12-22 11:51:36 - [MESSAGE][INFO] - 0 hidden object(s)

2022-12-22 11:51:36 - [MESSAGE][PASSED] - Taking screenshot successfully
[[ATTACHMENT|keyes\keyes-Test1A.png]]

2022-12-22 11:51:36 - [TEST_STEP][PASSED] - closeBrowser(): Browser is closed

2022-12-22 11:51:37 - [MESSAGE][PASSED] - Browser is closed]]></system-out>
         <system-err><![CDATA[]]></system-err>
      </testcase>
      <testcase name="Test Cases/Test2" time="4.878" classname="Test Cases/Test2" status="PASSED">
         <system-out><![CDATA[2022-12-22 11:51:37 - [TEST_CASE][PASSED] - Test Cases/Test2: Test Cases/Test2

2022-12-22 11:51:37 - [TEST_STEP][PASSED] - openBrowser(""): Browser is opened with url: ''

2022-12-22 11:51:37 - [MESSAGE][INFO] - Starting 'Chrome' driver

2022-12-22 11:51:37 - [MESSAGE][INFO] - Action delay is set to 0 milliseconds

2022-12-22 11:51:38 - [MESSAGE][PASSED] - Browser is opened with url: ''

2022-12-22 11:51:38 - [TEST_STEP][PASSED] - navigateToUrl("https://opensource-demo.orangehrmlive.com/web/index.php/auth/login"): Navigate to 'https://opensource-demo.orangehrmlive.com/web/index.php/auth/login' successfully

2022-12-22 11:51:39 - [MESSAGE][PASSED] - Navigate to 'https://opensource-demo.orangehrmlive.com/web/index.php/auth/login' successfully

2022-12-22 11:51:39 - [TEST_STEP][PASSED] - click(findTestObject("Object Repository/Page_OrangeHRM/p_Forgot your password")): Object: 'Object Repository/Page_OrangeHRM/p_Forgot your password' is clicked on

2022-12-22 11:51:40 - [MESSAGE][PASSED] - Object: 'Object Repository/Page_OrangeHRM/p_Forgot your password' is clicked on

2022-12-22 11:51:40 - [TEST_STEP][PASSED] - takeScreenshotAsCheckpoint("Test2"): Taking screenshot successfully

2022-12-22 11:51:41 - [MESSAGE][INFO] - 0 hidden object(s)

2022-12-22 11:51:41 - [MESSAGE][PASSED] - Taking screenshot successfully
[[ATTACHMENT|keyes\keyes-Test2.png]]

2022-12-22 11:51:41 - [TEST_STEP][PASSED] - closeBrowser(): Browser is closed

2022-12-22 11:51:42 - [MESSAGE][PASSED] - Browser is closed]]></system-out>
         <system-err><![CDATA[]]></system-err>
      </testcase>
      <testcase name="Test Cases/Test3" time="4.602" classname="Test Cases/Test3" status="PASSED">
         <system-out><![CDATA[2022-12-22 11:51:42 - [TEST_CASE][PASSED] - Test Cases/Test3: Test Cases/Test3

2022-12-22 11:51:42 - [TEST_STEP][PASSED] - openBrowser(""): Browser is opened with url: ''

2022-12-22 11:51:42 - [MESSAGE][INFO] - Starting 'Chrome' driver

2022-12-22 11:51:42 - [MESSAGE][INFO] - Action delay is set to 0 milliseconds

2022-12-22 11:51:43 - [MESSAGE][PASSED] - Browser is opened with url: ''

2022-12-22 11:51:43 - [TEST_STEP][PASSED] - navigateToUrl("https://opensource-demo.orangehrmlive.com/web/index.php/auth/login"): Navigate to 'https://opensource-demo.orangehrmlive.com/web/index.php/auth/login' successfully

2022-12-22 11:51:44 - [MESSAGE][PASSED] - Navigate to 'https://opensource-demo.orangehrmlive.com/web/index.php/auth/login' successfully

2022-12-22 11:51:44 - [TEST_STEP][PASSED] - click(findTestObject("Object Repository/Page_OrangeHRM/button_Login")): Object: 'Object Repository/Page_OrangeHRM/button_Login' is clicked on

2022-12-22 11:51:45 - [MESSAGE][PASSED] - Object: 'Object Repository/Page_OrangeHRM/button_Login' is clicked on

2022-12-22 11:51:45 - [TEST_STEP][PASSED] - takeScreenshotAsCheckpoint("Test3"): Taking screenshot successfully

2022-12-22 11:51:46 - [MESSAGE][INFO] - 0 hidden object(s)

2022-12-22 11:51:46 - [MESSAGE][PASSED] - Taking screenshot successfully
[[ATTACHMENT|keyes\keyes-Test3.png]]

2022-12-22 11:51:46 - [TEST_STEP][PASSED] - closeBrowser(): Browser is closed

2022-12-22 11:51:46 - [MESSAGE][PASSED] - Browser is closed]]></system-out>
         <system-err><![CDATA[]]></system-err>
      </testcase>
      <testcase name="Test Cases/Test4" time="6.494" classname="Test Cases/Test4" status="PASSED">
         <system-out><![CDATA[2022-12-22 11:51:46 - [TEST_CASE][PASSED] - Test Cases/Test4: Test Cases/Test4

2022-12-22 11:51:46 - [TEST_STEP][PASSED] - openBrowser(""): Browser is opened with url: ''

2022-12-22 11:51:46 - [MESSAGE][INFO] - Starting 'Chrome' driver

2022-12-22 11:51:46 - [MESSAGE][INFO] - Action delay is set to 0 milliseconds

2022-12-22 11:51:48 - [MESSAGE][PASSED] - Browser is opened with url: ''

2022-12-22 11:51:48 - [TEST_STEP][PASSED] - navigateToUrl("https://opensource-demo.orangehrmlive.com/web/index.php/auth/login"): Navigate to 'https://opensource-demo.orangehrmlive.com/web/index.php/auth/login' successfully

2022-12-22 11:51:49 - [MESSAGE][PASSED] - Navigate to 'https://opensource-demo.orangehrmlive.com/web/index.php/auth/login' successfully

2022-12-22 11:51:49 - [TEST_STEP][PASSED] - setText(findTestObject("Object Repository/Page_OrangeHRM/input_Username_username"), "hdhdh"): Text 'hdhdh' is set on object 'Object Repository/Page_OrangeHRM/input_Username_username'

2022-12-22 11:51:50 - [MESSAGE][PASSED] - Text 'hdhdh' is set on object 'Object Repository/Page_OrangeHRM/input_Username_username'

2022-12-22 11:51:50 - [TEST_STEP][PASSED] - setEncryptedText(findTestObject("Object Repository/Page_OrangeHRM/input_Password_password"), "GcFxTh/6P02sJBNFP4JL7g=="): Text ****** has been set on object 'Object Repository/Page_OrangeHRM/input_Password_password'

2022-12-22 11:51:50 - [MESSAGE][PASSED] - Text ****** has been set on object 'Object Repository/Page_OrangeHRM/input_Password_password'

2022-12-22 11:51:50 - [TEST_STEP][PASSED] - click(findTestObject("Object Repository/Page_OrangeHRM/button_Login")): Object: 'Object Repository/Page_OrangeHRM/button_Login' is clicked on

2022-12-22 11:51:51 - [MESSAGE][PASSED] - Object: 'Object Repository/Page_OrangeHRM/button_Login' is clicked on

2022-12-22 11:51:51 - [TEST_STEP][PASSED] - takeScreenshotAsCheckpoint("Test4"): Taking screenshot successfully

2022-12-22 11:51:52 - [MESSAGE][INFO] - 0 hidden object(s)

2022-12-22 11:51:52 - [MESSAGE][PASSED] - Taking screenshot successfully
[[ATTACHMENT|keyes\keyes-Test4.png]]

2022-12-22 11:51:52 - [TEST_STEP][PASSED] - closeBrowser(): Browser is closed

2022-12-22 11:51:53 - [MESSAGE][PASSED] - Browser is closed]]></system-out>
         <system-err><![CDATA[]]></system-err>
      </testcase>
      <system-out><![CDATA[2022-12-22 11:51:32 - [TEST_SUITE][PASSED] - TestVisual1: Test Cases/Test4]]></system-out>
      <system-err><![CDATA[]]></system-err>
   </testsuite>
</testsuites>
