<?xml version="1.0" encoding="UTF-8"?>
<testsuites name="TestVisual1" time="31.486" tests="3" failures="0" errors="0">
   <testsuite name="TestVisual1" tests="3" failures="0" errors="0" time="31.486" skipped="0" timestamp="2022-12-22 11:15:03" hostname="WeDoQA-ThinkPad-Man7 - Daniels-Thinkpad" id="Test Suites/TestVisual1">
      <properties>
         <property name="deviceName" value=""/>
         <property name="devicePlatform" value=""/>
         <property name="logFolder" value="C:\\Users\\WeDoQA-ThinkPad-Man7\\git\\TestVisual\\Reports\\20221222_111456\\TestVisual1\\20221222_111457"/>
         <property name="logFiles" value="C:\\Users\\WeDoQA-ThinkPad-Man7\\git\\TestVisual\\Reports\\20221222_111456\\TestVisual1\\20221222_111457\\execution0.log"/>
         <property name="attachments" value="keyes\keyes-Test1A.png, keyes\keyes-Test2.png, keyes\keyes-Test3.png"/>
         <property name="hostName" value="WeDoQA-ThinkPad-Man7 - Daniels-Thinkpad"/>
         <property name="os" value="Windows 10 64bit"/>
         <property name="katalonVersion" value="8.5.1.208"/>
         <property name="browser" value="Chrome 108.0.0.0"/>
         <property name="hostAddress" value="192.168.0.111"/>
         <property name="sessionId" value="289f15765d750d1d6ace7131ad6f79bc"/>
         <property name="seleniumVersion" value="3.141.59"/>
         <property name="proxyInformation" value="ProxyInformation { proxyOption=NO_PROXY, proxyServerType=HTTP, username=, password=********, proxyServerAddress=, proxyServerPort=0, executionList=&quot;&quot;, isApplyToDesiredCapabilities=true }"/>
         <property name="platform" value="Windows 10"/>
      </properties>
      <testcase name="Test Cases/Test1" time="15.576" classname="Test Cases/Test1" status="PASSED">
         <system-out><![CDATA[2022-12-22 11:15:03 - [TEST_CASE][PASSED] - Test Cases/Test1: Test Cases/Test1

2022-12-22 11:15:03 - [TEST_STEP][PASSED] - openBrowser(""): Browser is opened with url: ''

2022-12-22 11:15:04 - [MESSAGE][INFO] - Starting 'Chrome' driver

2022-12-22 11:15:04 - [MESSAGE][INFO] - Action delay is set to 0 milliseconds

2022-12-22 11:15:06 - [MESSAGE][PASSED] - Browser is opened with url: ''

2022-12-22 11:15:06 - [TEST_STEP][PASSED] - navigateToUrl("https://opensource-demo.orangehrmlive.com/web/index.php/auth/login"): Navigate to 'https://opensource-demo.orangehrmlive.com/web/index.php/auth/login' successfully

2022-12-22 11:15:15 - [MESSAGE][PASSED] - Navigate to 'https://opensource-demo.orangehrmlive.com/web/index.php/auth/login' successfully

2022-12-22 11:15:15 - [TEST_STEP][PASSED] - takeScreenshotAsCheckpoint("Test1A"): Taking screenshot successfully

2022-12-22 11:15:17 - [MESSAGE][INFO] - 0 hidden object(s)

2022-12-22 11:15:17 - [MESSAGE][PASSED] - Taking screenshot successfully
[[ATTACHMENT|keyes\keyes-Test1A.png]]

2022-12-22 11:15:17 - [TEST_STEP][PASSED] - closeBrowser(): Browser is closed

2022-12-22 11:15:19 - [MESSAGE][PASSED] - Browser is closed]]></system-out>
         <system-err><![CDATA[]]></system-err>
      </testcase>
      <testcase name="Test Cases/Test2" time="5.73" classname="Test Cases/Test2" status="PASSED">
         <system-out><![CDATA[2022-12-22 11:15:19 - [TEST_CASE][PASSED] - Test Cases/Test2: Test Cases/Test2

2022-12-22 11:15:19 - [TEST_STEP][PASSED] - openBrowser(""): Browser is opened with url: ''

2022-12-22 11:15:19 - [MESSAGE][INFO] - Starting 'Chrome' driver

2022-12-22 11:15:19 - [MESSAGE][INFO] - Action delay is set to 0 milliseconds

2022-12-22 11:15:20 - [MESSAGE][PASSED] - Browser is opened with url: ''

2022-12-22 11:15:20 - [TEST_STEP][PASSED] - navigateToUrl("https://opensource-demo.orangehrmlive.com/web/index.php/auth/login"): Navigate to 'https://opensource-demo.orangehrmlive.com/web/index.php/auth/login' successfully

2022-12-22 11:15:22 - [MESSAGE][PASSED] - Navigate to 'https://opensource-demo.orangehrmlive.com/web/index.php/auth/login' successfully

2022-12-22 11:15:22 - [TEST_STEP][PASSED] - click(findTestObject("Object Repository/Page_OrangeHRM/p_Forgot your password")): Object: 'Object Repository/Page_OrangeHRM/p_Forgot your password' is clicked on

2022-12-22 11:15:23 - [MESSAGE][PASSED] - Object: 'Object Repository/Page_OrangeHRM/p_Forgot your password' is clicked on

2022-12-22 11:15:23 - [TEST_STEP][PASSED] - takeScreenshotAsCheckpoint("Test2"): Taking screenshot successfully

2022-12-22 11:15:24 - [MESSAGE][INFO] - 0 hidden object(s)

2022-12-22 11:15:24 - [MESSAGE][PASSED] - Taking screenshot successfully
[[ATTACHMENT|keyes\keyes-Test2.png]]

2022-12-22 11:15:24 - [TEST_STEP][PASSED] - closeBrowser(): Browser is closed

2022-12-22 11:15:24 - [MESSAGE][PASSED] - Browser is closed]]></system-out>
         <system-err><![CDATA[]]></system-err>
      </testcase>
      <testcase name="Test Cases/Test3" time="9.939" classname="Test Cases/Test3" status="PASSED">
         <system-out><![CDATA[2022-12-22 11:15:24 - [TEST_CASE][PASSED] - Test Cases/Test3: Test Cases/Test3

2022-12-22 11:15:25 - [TEST_STEP][PASSED] - openBrowser(""): Browser is opened with url: ''

2022-12-22 11:15:25 - [MESSAGE][INFO] - Starting 'Chrome' driver

2022-12-22 11:15:25 - [MESSAGE][INFO] - Action delay is set to 0 milliseconds

2022-12-22 11:15:26 - [MESSAGE][PASSED] - Browser is opened with url: ''

2022-12-22 11:15:26 - [TEST_STEP][PASSED] - navigateToUrl("https://opensource-demo.orangehrmlive.com/web/index.php/auth/login"): Navigate to 'https://opensource-demo.orangehrmlive.com/web/index.php/auth/login' successfully

2022-12-22 11:15:32 - [MESSAGE][PASSED] - Navigate to 'https://opensource-demo.orangehrmlive.com/web/index.php/auth/login' successfully

2022-12-22 11:15:32 - [TEST_STEP][PASSED] - click(findTestObject("Object Repository/Page_OrangeHRM/button_Login")): Object: 'Object Repository/Page_OrangeHRM/button_Login' is clicked on

2022-12-22 11:15:33 - [MESSAGE][PASSED] - Object: 'Object Repository/Page_OrangeHRM/button_Login' is clicked on

2022-12-22 11:15:33 - [TEST_STEP][PASSED] - takeScreenshotAsCheckpoint("Test3"): Taking screenshot successfully

2022-12-22 11:15:34 - [MESSAGE][INFO] - 0 hidden object(s)

2022-12-22 11:15:34 - [MESSAGE][PASSED] - Taking screenshot successfully
[[ATTACHMENT|keyes\keyes-Test3.png]]

2022-12-22 11:15:34 - [TEST_STEP][PASSED] - closeBrowser(): Browser is closed

2022-12-22 11:15:34 - [MESSAGE][PASSED] - Browser is closed]]></system-out>
         <system-err><![CDATA[]]></system-err>
      </testcase>
      <system-out><![CDATA[2022-12-22 11:15:03 - [TEST_SUITE][PASSED] - TestVisual1: Test Cases/Test3]]></system-out>
      <system-err><![CDATA[]]></system-err>
   </testsuite>
</testsuites>
